<?xml version="1.0" encoding="UTF-8"?>
<testsuite xmlns:xsi="http://www.w3.org/2001/XMLSchema-instance" xsi:noNamespaceSchemaLocation="https://maven.apache.org/surefire/maven-surefire-plugin/xsd/surefire-test-report.xsd" name="CalculatorMainTest" time="0.046" tests="3" errors="0" skipped="0" failures="0">
  <properties>
[...]
</properties>
  <testcase name="add" classname="CalculatorMainTest" time="0.02"/>
  <testcase name="addPositive" classname="CalculatorMainTest$Add" time="0.008"/>
  <testcase name="addNegative" classname="CalculatorMainTest$Add" time="0.001"/>
</testsuite>